<?xml version="1.0" encoding="UTF-8" standalone="no"?>
<!DOCTYPE log SYSTEM "logger.dtd">
<log>
<record>
  <date>2019-04-29T14:01:15</date>
  <millis>1556517675533</millis>
  <sequence>0</sequence>
  <level>START</level>
  <class>com.kms.katalon.core.logging.XmlKeywordLogger</class>
  <method>startSuite</method>
  <thread>1</thread>
  <message>Start Test Suite : Test Suites/createparamter/creparatTestSuite</message>
  <nestedLevel>0</nestedLevel>
  <property name="name">creparatTestSuite</property>
  <property name="description"></property>
  <property name="id">Test Suites/createparamter/creparatTestSuite</property>
</record>
<record>
  <date>2019-04-29T14:01:15</date>
  <millis>1556517675556</millis>
  <sequence>1</sequence>
  <level>RUN_DATA</level>
  <class>com.kms.katalon.core.logging.XmlKeywordLogger</class>
  <method>logMessage</method>
  <thread>1</thread>
  <message>hostName = dubl - localhost</message>
  <nestedLevel>0</nestedLevel>
  <property name="hostName">dubl - localhost</property>
</record>
<record>
  <date>2019-04-29T14:01:15</date>
  <millis>1556517675557</millis>
  <sequence>2</sequence>
  <level>RUN_DATA</level>
  <class>com.kms.katalon.core.logging.XmlKeywordLogger</class>
  <method>logMessage</method>
  <thread>1</thread>
  <message>os = Mac OS X 64bit</message>
  <nestedLevel>0</nestedLevel>
  <property name="os">Mac OS X 64bit</property>
</record>
<record>
  <date>2019-04-29T14:01:15</date>
  <millis>1556517675558</millis>
  <sequence>3</sequence>
  <level>RUN_DATA</level>
  <class>com.kms.katalon.core.logging.XmlKeywordLogger</class>
  <method>logMessage</method>
  <thread>1</thread>
  <message>hostAddress = 127.0.0.1</message>
  <nestedLevel>0</nestedLevel>
  <property name="hostAddress">127.0.0.1</property>
</record>
<record>
  <date>2019-04-29T14:01:15</date>
  <millis>1556517675559</millis>
  <sequence>4</sequence>
  <level>RUN_DATA</level>
  <class>com.kms.katalon.core.logging.XmlKeywordLogger</class>
  <method>logMessage</method>
  <thread>1</thread>
  <message>katalonVersion = 6.1.1.1</message>
  <nestedLevel>0</nestedLevel>
  <property name="katalonVersion">6.1.1.1</property>
</record>
<record>
  <date>2019-04-29T14:01:15</date>
  <millis>1556517675820</millis>
  <sequence>5</sequence>
  <level>START</level>
  <class>com.kms.katalon.core.logging.XmlKeywordLogger</class>
  <method>startTest</method>
  <thread>1</thread>
  <message>Start Test Case : Test Cases/New Folder/demo</message>
  <nestedLevel>1</nestedLevel>
  <property name="name">Test Cases/New Folder/demo</property>
  <property name="description"></property>
  <property name="id">Test Cases/New Folder/demo</property>
  <property name="source">\\Users\\dubl\\katalonDemo\\wxApitest\\Test Cases\\New Folder\\demo.tc</property>
  <property name="isOptional">false</property>
</record>
<record>
  <date>2019-04-29T14:01:15</date>
  <millis>1556517675857</millis>
  <sequence>7</sequence>
  <level>INFO</level>
  <class>com.kms.katalon.core.logging.XmlKeywordLogger</class>
  <method>logMessage</method>
  <thread>1</thread>
  <message>depment = \u5E7F\u5DDE11</message>
  <nestedLevel>1</nestedLevel>
</record>
<record>
  <date>2019-04-29T14:01:16</date>
  <millis>1556517676230</millis>
  <sequence>8</sequence>
  <level>START</level>
  <class>com.kms.katalon.core.logging.XmlKeywordLogger</class>
  <method>startKeyword</method>
  <thread>1</thread>
  <message>Start action : sendRequest(findTestObject(\&amp;quot;getToken/getApiToken\&amp;quot;, [\&amp;quot;url\&amp;quot;:wx_url]))</message>
  <nestedLevel>1</nestedLevel>
  <property name="startLine">16</property>
  <property name="stepIndex">1</property>
</record>
<record>
  <date>2019-04-29T14:01:18</date>
  <millis>1556517678484</millis>
  <sequence>12</sequence>
  <level>INFO</level>
  <class>com.kms.katalon.core.logging.XmlKeywordLogger</class>
  <method>logMessage</method>
  <thread>1</thread>
  <message>HAR: /Users/dubl/katalonDemo/wxApitest/Reports/createparamter/creparatTestSuite/20190429_140113/requests/main/0.har</message>
  <nestedLevel>1</nestedLevel>
  <property name="harId">9e521632-9865-4d35-adaa-a6d9e475ffb0</property>
</record>
<record>
  <date>2019-04-29T14:01:18</date>
  <millis>1556517678581</millis>
  <sequence>13</sequence>
  <level>PASSED</level>
  <class>com.kms.katalon.core.logging.XmlKeywordLogger</class>
  <method>logMessage</method>
  <thread>1</thread>
  <message>Send request successfully</message>
  <nestedLevel>1</nestedLevel>
</record>
<record>
  <date>2019-04-29T14:01:18</date>
  <millis>1556517678582</millis>
  <sequence>14</sequence>
  <level>END</level>
  <class>com.kms.katalon.core.logging.XmlKeywordLogger</class>
  <method>endKeyword</method>
  <thread>1</thread>
  <message>End action : sendRequest(findTestObject(\&amp;quot;getToken/getApiToken\&amp;quot;, [\&amp;quot;url\&amp;quot;:wx_url]))</message>
  <nestedLevel>1</nestedLevel>
</record>
<record>
  <date>2019-04-29T14:01:18</date>
  <millis>1556517678582</millis>
  <sequence>15</sequence>
  <level>START</level>
  <class>com.kms.katalon.core.logging.XmlKeywordLogger</class>
  <method>startKeyword</method>
  <thread>1</thread>
  <message>Start action : sendRequest(findTestObject(\&amp;quot;createrdepart/cretdepartment\&amp;quot;, [\&amp;quot;url\&amp;quot;:wx_url, \&amp;quot;access_token\&amp;quot;:findTestData(\&amp;quot;testData/getapitoken\&amp;quot;).getValue(1, 1), \&amp;quot;dep\&amp;quot;:$depment]))</message>
  <nestedLevel>1</nestedLevel>
  <property name="startLine">18</property>
  <property name="stepIndex">2</property>
</record>
<record>
  <date>2019-04-29T14:01:18</date>
  <millis>1556517678612</millis>
  <sequence>21</sequence>
  <logger>com.kms.katalon.core.logging.XmlKeywordLogger</logger>
  <level>ERROR</level>
  <class>com.kms.katalon.core.logging.XmlKeywordLogger</class>
  <method>logMessage</method>
  <thread>1</thread>
  <message>sendRequest(findTestObject(\&amp;quot;createrdepart/cretdepartment\&amp;quot;, [\&amp;quot;url\&amp;quot;:wx_url, \&amp;quot;access_token\&amp;quot;:findTestData(\&amp;quot;testData/getapitoken\&amp;quot;).getValue(1, 1), \&amp;quot;dep\&amp;quot;:$depment])) FAILED.\nReason:\njava.io.FileNotFoundException: /Users/dubl/katalonDemo/wxApitest/Data Files/gettoken/token.csv (No such file or directory)\n\tat com.kms.katalon.core.testdata.reader.CSVReader.&amp;lt;init&amp;gt;(CSVReader.java:23)\n\tat com.kms.katalon.core.testdata.CSVData.getReader(CSVData.java:23)\n\tat com.kms.katalon.core.testdata.CSVData.getColumnNames(CSVData.java:57)\n\tat com.kms.katalon.core.testdata.CSVData.getColumnNumbers(CSVData.java:82)\n\tat com.kms.katalon.core.testdata.AbstractTestData.verifyColumnIndex(AbstractTestData.java:55)\n\tat com.kms.katalon.core.testdata.AbstractTestData.getObjectValue(AbstractTestData.java:115)\n\tat com.kms.katalon.core.testdata.AbstractTestData.getValue(AbstractTestData.java:89)\n\tat com.kms.katalon.core.testdata.TestData$getValue.call(Unknown Source)\n\tat demo.run(demo:18)\n\tat com.kms.katalon.core.main.ScriptEngine.run(ScriptEngine.java:194)\n\tat com.kms.katalon.core.main.ScriptEngine.runScriptAsRawText(ScriptEngine.java:119)\n\tat com.kms.katalon.core.main.TestCaseExecutor.runScript(TestCaseExecutor.java:342)\n\tat com.kms.katalon.core.main.TestCaseExecutor.doExecute(TestCaseExecutor.java:333)\n\tat com.kms.katalon.core.main.TestCaseExecutor.processExecutionPhase(TestCaseExecutor.java:312)\n\tat com.kms.katalon.core.main.TestCaseExecutor.accessMainPhase(TestCaseExecutor.java:304)\n\tat com.kms.katalon.core.main.TestCaseExecutor.execute(TestCaseExecutor.java:238)\n\tat com.kms.katalon.core.main.TestSuiteExecutor.accessTestCaseMainPhase(TestSuiteExecutor.java:129)\n\tat com.kms.katalon.core.main.TestSuiteExecutor.accessTestSuiteMainPhase(TestSuiteExecutor.java:112)\n\tat com.kms.katalon.core.main.TestSuiteExecutor.execute(TestSuiteExecutor.java:81)\n\tat com.kms.katalon.core.main.TestCaseMain.startTestSuite(TestCaseMain.java:157)\n\tat com.kms.katalon.core.main.TestCaseMain$startTestSuite$0.call(Unknown Source)\n\tat TempTestSuite1556517673214.run(TempTestSuite1556517673214.groovy:35)\n</message>
  <exception>
    <message>java.io.FileNotFoundException: /Users/dubl/katalonDemo/wxApitest/Data Files/gettoken/token.csv (No such file or directory)</message>
    <frame>
      <class>com.kms.katalon.core.testdata.reader.CSVReader</class>
      <method>&lt;init&gt;</method>
      <line>23</line>
    </frame>
    <frame>
      <class>com.kms.katalon.core.testdata.CSVData</class>
      <method>getReader</method>
      <line>23</line>
    </frame>
    <frame>
      <class>com.kms.katalon.core.testdata.CSVData</class>
      <method>getColumnNames</method>
      <line>57</line>
    </frame>
    <frame>
      <class>com.kms.katalon.core.testdata.CSVData</class>
      <method>getColumnNumbers</method>
      <line>82</line>
    </frame>
    <frame>
      <class>com.kms.katalon.core.testdata.AbstractTestData</class>
      <method>verifyColumnIndex</method>
      <line>55</line>
    </frame>
    <frame>
      <class>com.kms.katalon.core.testdata.AbstractTestData</class>
      <method>getObjectValue</method>
      <line>115</line>
    </frame>
    <frame>
      <class>com.kms.katalon.core.testdata.AbstractTestData</class>
      <method>getValue</method>
      <line>89</line>
    </frame>
    <frame>
      <class>com.kms.katalon.core.testdata.TestData$getValue</class>
      <method>call</method>
    </frame>
    <frame>
      <class>demo</class>
      <method>run</method>
      <line>18</line>
    </frame>
    <frame>
      <class>com.kms.katalon.core.main.ScriptEngine</class>
      <method>run</method>
      <line>194</line>
    </frame>
    <frame>
      <class>com.kms.katalon.core.main.ScriptEngine</class>
      <method>runScriptAsRawText</method>
      <line>119</line>
    </frame>
    <frame>
      <class>com.kms.katalon.core.main.TestCaseExecutor</class>
      <method>runScript</method>
      <line>342</line>
    </frame>
    <frame>
      <class>com.kms.katalon.core.main.TestCaseExecutor</class>
      <method>doExecute</method>
      <line>333</line>
    </frame>
    <frame>
      <class>com.kms.katalon.core.main.TestCaseExecutor</class>
      <method>processExecutionPhase</method>
      <line>312</line>
    </frame>
    <frame>
      <class>com.kms.katalon.core.main.TestCaseExecutor</class>
      <method>accessMainPhase</method>
      <line>304</line>
    </frame>
    <frame>
      <class>com.kms.katalon.core.main.TestCaseExecutor</class>
      <method>execute</method>
      <line>238</line>
    </frame>
    <frame>
      <class>com.kms.katalon.core.main.TestSuiteExecutor</class>
      <method>accessTestCaseMainPhase</method>
      <line>129</line>
    </frame>
    <frame>
      <class>com.kms.katalon.core.main.TestSuiteExecutor</class>
      <method>accessTestSuiteMainPhase</method>
      <line>112</line>
    </frame>
    <frame>
      <class>com.kms.katalon.core.main.TestSuiteExecutor</class>
      <method>execute</method>
      <line>81</line>
    </frame>
    <frame>
      <class>com.kms.katalon.core.main.TestCaseMain</class>
      <method>startTestSuite</method>
      <line>157</line>
    </frame>
    <frame>
      <class>com.kms.katalon.core.main.TestCaseMain$startTestSuite$0</class>
      <method>call</method>
    </frame>
    <frame>
      <class>TempTestSuite1556517673214</class>
      <method>run</method>
      <line>35</line>
    </frame>
  </exception>
  <nestedLevel>0</nestedLevel>
</record>
<record>
  <date>2019-04-29T14:01:18</date>
  <millis>1556517678616</millis>
  <sequence>22</sequence>
  <level>END</level>
  <class>com.kms.katalon.core.logging.XmlKeywordLogger</class>
  <method>endKeyword</method>
  <thread>1</thread>
  <message>End action : sendRequest(findTestObject(\&amp;quot;createrdepart/cretdepartment\&amp;quot;, [\&amp;quot;url\&amp;quot;:wx_url, \&amp;quot;access_token\&amp;quot;:findTestData(\&amp;quot;testData/getapitoken\&amp;quot;).getValue(1, 1), \&amp;quot;dep\&amp;quot;:$depment]))</message>
  <nestedLevel>1</nestedLevel>
</record>
<record>
  <date>2019-04-29T14:01:18</date>
  <millis>1556517678617</millis>
  <sequence>24</sequence>
  <logger>com.kms.katalon.core.logging.XmlKeywordLogger</logger>
  <level>ERROR</level>
  <class>com.kms.katalon.core.logging.XmlKeywordLogger</class>
  <method>logMessage</method>
  <thread>1</thread>
  <message>Test Cases/New Folder/demo FAILED.\nReason:\njava.io.FileNotFoundException: /Users/dubl/katalonDemo/wxApitest/Data Files/gettoken/token.csv (No such file or directory)\n\tat com.kms.katalon.core.testdata.reader.CSVReader.&amp;lt;init&amp;gt;(CSVReader.java:23)\n\tat com.kms.katalon.core.testdata.CSVData.getReader(CSVData.java:23)\n\tat com.kms.katalon.core.testdata.CSVData.getColumnNames(CSVData.java:57)\n\tat com.kms.katalon.core.testdata.CSVData.getColumnNumbers(CSVData.java:82)\n\tat com.kms.katalon.core.testdata.AbstractTestData.verifyColumnIndex(AbstractTestData.java:55)\n\tat com.kms.katalon.core.testdata.AbstractTestData.getObjectValue(AbstractTestData.java:115)\n\tat com.kms.katalon.core.testdata.AbstractTestData.getValue(AbstractTestData.java:89)\n\tat com.kms.katalon.core.testdata.TestData$getValue.call(Unknown Source)\n\tat demo.run(demo:18)\n\tat com.kms.katalon.core.main.ScriptEngine.run(ScriptEngine.java:194)\n\tat com.kms.katalon.core.main.ScriptEngine.runScriptAsRawText(ScriptEngine.java:119)\n\tat com.kms.katalon.core.main.TestCaseExecutor.runScript(TestCaseExecutor.java:342)\n\tat com.kms.katalon.core.main.TestCaseExecutor.doExecute(TestCaseExecutor.java:333)\n\tat com.kms.katalon.core.main.TestCaseExecutor.processExecutionPhase(TestCaseExecutor.java:312)\n\tat com.kms.katalon.core.main.TestCaseExecutor.accessMainPhase(TestCaseExecutor.java:304)\n\tat com.kms.katalon.core.main.TestCaseExecutor.execute(TestCaseExecutor.java:238)\n\tat com.kms.katalon.core.main.TestSuiteExecutor.accessTestCaseMainPhase(TestSuiteExecutor.java:129)\n\tat com.kms.katalon.core.main.TestSuiteExecutor.accessTestSuiteMainPhase(TestSuiteExecutor.java:112)\n\tat com.kms.katalon.core.main.TestSuiteExecutor.execute(TestSuiteExecutor.java:81)\n\tat com.kms.katalon.core.main.TestCaseMain.startTestSuite(TestCaseMain.java:157)\n\tat com.kms.katalon.core.main.TestCaseMain$startTestSuite$0.call(Unknown Source)\n\tat TempTestSuite1556517673214.run(TempTestSuite1556517673214.groovy:35)\n</message>
  <exception>
    <message>java.io.FileNotFoundException: /Users/dubl/katalonDemo/wxApitest/Data Files/gettoken/token.csv (No such file or directory)</message>
    <frame>
      <class>com.kms.katalon.core.testdata.reader.CSVReader</class>
      <method>&lt;init&gt;</method>
      <line>23</line>
    </frame>
    <frame>
      <class>com.kms.katalon.core.testdata.CSVData</class>
      <method>getReader</method>
      <line>23</line>
    </frame>
    <frame>
      <class>com.kms.katalon.core.testdata.CSVData</class>
      <method>getColumnNames</method>
      <line>57</line>
    </frame>
    <frame>
      <class>com.kms.katalon.core.testdata.CSVData</class>
      <method>getColumnNumbers</method>
      <line>82</line>
    </frame>
    <frame>
      <class>com.kms.katalon.core.testdata.AbstractTestData</class>
      <method>verifyColumnIndex</method>
      <line>55</line>
    </frame>
    <frame>
      <class>com.kms.katalon.core.testdata.AbstractTestData</class>
      <method>getObjectValue</method>
      <line>115</line>
    </frame>
    <frame>
      <class>com.kms.katalon.core.testdata.AbstractTestData</class>
      <method>getValue</method>
      <line>89</line>
    </frame>
    <frame>
      <class>com.kms.katalon.core.testdata.TestData$getValue</class>
      <method>call</method>
    </frame>
    <frame>
      <class>demo</class>
      <method>run</method>
      <line>18</line>
    </frame>
    <frame>
      <class>com.kms.katalon.core.main.ScriptEngine</class>
      <method>run</method>
      <line>194</line>
    </frame>
    <frame>
      <class>com.kms.katalon.core.main.ScriptEngine</class>
      <method>runScriptAsRawText</method>
      <line>119</line>
    </frame>
    <frame>
      <class>com.kms.katalon.core.main.TestCaseExecutor</class>
      <method>runScript</method>
      <line>342</line>
    </frame>
    <frame>
      <class>com.kms.katalon.core.main.TestCaseExecutor</class>
      <method>doExecute</method>
      <line>333</line>
    </frame>
    <frame>
      <class>com.kms.katalon.core.main.TestCaseExecutor</class>
      <method>processExecutionPhase</method>
      <line>312</line>
    </frame>
    <frame>
      <class>com.kms.katalon.core.main.TestCaseExecutor</class>
      <method>accessMainPhase</method>
      <line>304</line>
    </frame>
    <frame>
      <class>com.kms.katalon.core.main.TestCaseExecutor</class>
      <method>execute</method>
      <line>238</line>
    </frame>
    <frame>
      <class>com.kms.katalon.core.main.TestSuiteExecutor</class>
      <method>accessTestCaseMainPhase</method>
      <line>129</line>
    </frame>
    <frame>
      <class>com.kms.katalon.core.main.TestSuiteExecutor</class>
      <method>accessTestSuiteMainPhase</method>
      <line>112</line>
    </frame>
    <frame>
      <class>com.kms.katalon.core.main.TestSuiteExecutor</class>
      <method>execute</method>
      <line>81</line>
    </frame>
    <frame>
      <class>com.kms.katalon.core.main.TestCaseMain</class>
      <method>startTestSuite</method>
      <line>157</line>
    </frame>
    <frame>
      <class>com.kms.katalon.core.main.TestCaseMain$startTestSuite$0</class>
      <method>call</method>
    </frame>
    <frame>
      <class>TempTestSuite1556517673214</class>
      <method>run</method>
      <line>35</line>
    </frame>
  </exception>
  <nestedLevel>0</nestedLevel>
</record>
<record>
  <date>2019-04-29T14:01:18</date>
  <millis>1556517678620</millis>
  <sequence>25</sequence>
  <level>END</level>
  <class>com.kms.katalon.core.logging.XmlKeywordLogger</class>
  <method>endTest</method>
  <thread>1</thread>
  <message>End Test Case : Test Cases/New Folder/demo</message>
  <nestedLevel>0</nestedLevel>
</record>
<record>
  <date>2019-04-29T14:01:18</date>
  <millis>1556517678623</millis>
  <sequence>26</sequence>
  <level>START</level>
  <class>com.kms.katalon.core.logging.XmlKeywordLogger</class>
  <method>startTest</method>
  <thread>1</thread>
  <message>Start Test Case : Test Cases/New Folder/demo</message>
  <nestedLevel>1</nestedLevel>
  <property name="name">Test Cases/New Folder/demo</property>
  <property name="description"></property>
  <property name="id">Test Cases/New Folder/demo</property>
  <property name="source">\\Users\\dubl\\katalonDemo\\wxApitest\\Test Cases\\New Folder\\demo.tc</property>
  <property name="isOptional">false</property>
</record>
<record>
  <date>2019-04-29T14:01:18</date>
  <millis>1556517678630</millis>
  <sequence>28</sequence>
  <level>INFO</level>
  <class>com.kms.katalon.core.logging.XmlKeywordLogger</class>
  <method>logMessage</method>
  <thread>1</thread>
  <message>depment = \u676D\u5DDE11</message>
  <nestedLevel>1</nestedLevel>
</record>
<record>
  <date>2019-04-29T14:01:18</date>
  <millis>1556517678631</millis>
  <sequence>29</sequence>
  <level>START</level>
  <class>com.kms.katalon.core.logging.XmlKeywordLogger</class>
  <method>startKeyword</method>
  <thread>1</thread>
  <message>Start action : sendRequest(findTestObject(\&amp;quot;getToken/getApiToken\&amp;quot;, [\&amp;quot;url\&amp;quot;:wx_url]))</message>
  <nestedLevel>1</nestedLevel>
  <property name="startLine">16</property>
  <property name="stepIndex">1</property>
</record>
<record>
  <date>2019-04-29T14:01:19</date>
  <millis>1556517679027</millis>
  <sequence>33</sequence>
  <level>INFO</level>
  <class>com.kms.katalon.core.logging.XmlKeywordLogger</class>
  <method>logMessage</method>
  <thread>1</thread>
  <message>HAR: /Users/dubl/katalonDemo/wxApitest/Reports/createparamter/creparatTestSuite/20190429_140113/requests/main/1.har</message>
  <nestedLevel>1</nestedLevel>
  <property name="harId">e629748f-43e5-4ad0-baae-cd20a6a6c676</property>
</record>
<record>
  <date>2019-04-29T14:01:19</date>
  <millis>1556517679030</millis>
  <sequence>34</sequence>
  <level>PASSED</level>
  <class>com.kms.katalon.core.logging.XmlKeywordLogger</class>
  <method>logMessage</method>
  <thread>1</thread>
  <message>Send request successfully</message>
  <nestedLevel>1</nestedLevel>
</record>
<record>
  <date>2019-04-29T14:01:19</date>
  <millis>1556517679030</millis>
  <sequence>35</sequence>
  <level>END</level>
  <class>com.kms.katalon.core.logging.XmlKeywordLogger</class>
  <method>endKeyword</method>
  <thread>1</thread>
  <message>End action : sendRequest(findTestObject(\&amp;quot;getToken/getApiToken\&amp;quot;, [\&amp;quot;url\&amp;quot;:wx_url]))</message>
  <nestedLevel>1</nestedLevel>
</record>
<record>
  <date>2019-04-29T14:01:19</date>
  <millis>1556517679031</millis>
  <sequence>36</sequence>
  <level>START</level>
  <class>com.kms.katalon.core.logging.XmlKeywordLogger</class>
  <method>startKeyword</method>
  <thread>1</thread>
  <message>Start action : sendRequest(findTestObject(\&amp;quot;createrdepart/cretdepartment\&amp;quot;, [\&amp;quot;url\&amp;quot;:wx_url, \&amp;quot;access_token\&amp;quot;:findTestData(\&amp;quot;testData/getapitoken\&amp;quot;).getValue(1, 1), \&amp;quot;dep\&amp;quot;:$depment]))</message>
  <nestedLevel>1</nestedLevel>
  <property name="startLine">18</property>
  <property name="stepIndex">2</property>
</record>
<record>
  <date>2019-04-29T14:01:19</date>
  <millis>1556517679034</millis>
  <sequence>42</sequence>
  <logger>com.kms.katalon.core.logging.XmlKeywordLogger</logger>
  <level>ERROR</level>
  <class>com.kms.katalon.core.logging.XmlKeywordLogger</class>
  <method>logMessage</method>
  <thread>1</thread>
  <message>sendRequest(findTestObject(\&amp;quot;createrdepart/cretdepartment\&amp;quot;, [\&amp;quot;url\&amp;quot;:wx_url, \&amp;quot;access_token\&amp;quot;:findTestData(\&amp;quot;testData/getapitoken\&amp;quot;).getValue(1, 1), \&amp;quot;dep\&amp;quot;:$depment])) FAILED.\nReason:\njava.io.FileNotFoundException: /Users/dubl/katalonDemo/wxApitest/Data Files/gettoken/token.csv (No such file or directory)\n\tat com.kms.katalon.core.testdata.reader.CSVReader.&amp;lt;init&amp;gt;(CSVReader.java:23)\n\tat com.kms.katalon.core.testdata.CSVData.getReader(CSVData.java:23)\n\tat com.kms.katalon.core.testdata.CSVData.getColumnNames(CSVData.java:57)\n\tat com.kms.katalon.core.testdata.CSVData.getColumnNumbers(CSVData.java:82)\n\tat com.kms.katalon.core.testdata.AbstractTestData.verifyColumnIndex(AbstractTestData.java:55)\n\tat com.kms.katalon.core.testdata.AbstractTestData.getObjectValue(AbstractTestData.java:115)\n\tat com.kms.katalon.core.testdata.AbstractTestData.getValue(AbstractTestData.java:89)\n\tat com.kms.katalon.core.testdata.TestData$getValue.call(Unknown Source)\n\tat demo.run(demo:18)\n\tat com.kms.katalon.core.main.ScriptEngine.run(ScriptEngine.java:194)\n\tat com.kms.katalon.core.main.ScriptEngine.runScriptAsRawText(ScriptEngine.java:119)\n\tat com.kms.katalon.core.main.TestCaseExecutor.runScript(TestCaseExecutor.java:342)\n\tat com.kms.katalon.core.main.TestCaseExecutor.doExecute(TestCaseExecutor.java:333)\n\tat com.kms.katalon.core.main.TestCaseExecutor.processExecutionPhase(TestCaseExecutor.java:312)\n\tat com.kms.katalon.core.main.TestCaseExecutor.accessMainPhase(TestCaseExecutor.java:304)\n\tat com.kms.katalon.core.main.TestCaseExecutor.execute(TestCaseExecutor.java:238)\n\tat com.kms.katalon.core.main.TestSuiteExecutor.accessTestCaseMainPhase(TestSuiteExecutor.java:129)\n\tat com.kms.katalon.core.main.TestSuiteExecutor.accessTestSuiteMainPhase(TestSuiteExecutor.java:112)\n\tat com.kms.katalon.core.main.TestSuiteExecutor.execute(TestSuiteExecutor.java:81)\n\tat com.kms.katalon.core.main.TestCaseMain.startTestSuite(TestCaseMain.java:157)\n\tat com.kms.katalon.core.main.TestCaseMain$startTestSuite$0.call(Unknown Source)\n\tat TempTestSuite1556517673214.run(TempTestSuite1556517673214.groovy:35)\n</message>
  <exception>
    <message>java.io.FileNotFoundException: /Users/dubl/katalonDemo/wxApitest/Data Files/gettoken/token.csv (No such file or directory)</message>
    <frame>
      <class>com.kms.katalon.core.testdata.reader.CSVReader</class>
      <method>&lt;init&gt;</method>
      <line>23</line>
    </frame>
    <frame>
      <class>com.kms.katalon.core.testdata.CSVData</class>
      <method>getReader</method>
      <line>23</line>
    </frame>
    <frame>
      <class>com.kms.katalon.core.testdata.CSVData</class>
      <method>getColumnNames</method>
      <line>57</line>
    </frame>
    <frame>
      <class>com.kms.katalon.core.testdata.CSVData</class>
      <method>getColumnNumbers</method>
      <line>82</line>
    </frame>
    <frame>
      <class>com.kms.katalon.core.testdata.AbstractTestData</class>
      <method>verifyColumnIndex</method>
      <line>55</line>
    </frame>
    <frame>
      <class>com.kms.katalon.core.testdata.AbstractTestData</class>
      <method>getObjectValue</method>
      <line>115</line>
    </frame>
    <frame>
      <class>com.kms.katalon.core.testdata.AbstractTestData</class>
      <method>getValue</method>
      <line>89</line>
    </frame>
    <frame>
      <class>com.kms.katalon.core.testdata.TestData$getValue</class>
      <method>call</method>
    </frame>
    <frame>
      <class>demo</class>
      <method>run</method>
      <line>18</line>
    </frame>
    <frame>
      <class>com.kms.katalon.core.main.ScriptEngine</class>
      <method>run</method>
      <line>194</line>
    </frame>
    <frame>
      <class>com.kms.katalon.core.main.ScriptEngine</class>
      <method>runScriptAsRawText</method>
      <line>119</line>
    </frame>
    <frame>
      <class>com.kms.katalon.core.main.TestCaseExecutor</class>
      <method>runScript</method>
      <line>342</line>
    </frame>
    <frame>
      <class>com.kms.katalon.core.main.TestCaseExecutor</class>
      <method>doExecute</method>
      <line>333</line>
    </frame>
    <frame>
      <class>com.kms.katalon.core.main.TestCaseExecutor</class>
      <method>processExecutionPhase</method>
      <line>312</line>
    </frame>
    <frame>
      <class>com.kms.katalon.core.main.TestCaseExecutor</class>
      <method>accessMainPhase</method>
      <line>304</line>
    </frame>
    <frame>
      <class>com.kms.katalon.core.main.TestCaseExecutor</class>
      <method>execute</method>
      <line>238</line>
    </frame>
    <frame>
      <class>com.kms.katalon.core.main.TestSuiteExecutor</class>
      <method>accessTestCaseMainPhase</method>
      <line>129</line>
    </frame>
    <frame>
      <class>com.kms.katalon.core.main.TestSuiteExecutor</class>
      <method>accessTestSuiteMainPhase</method>
      <line>112</line>
    </frame>
    <frame>
      <class>com.kms.katalon.core.main.TestSuiteExecutor</class>
      <method>execute</method>
      <line>81</line>
    </frame>
    <frame>
      <class>com.kms.katalon.core.main.TestCaseMain</class>
      <method>startTestSuite</method>
      <line>157</line>
    </frame>
    <frame>
      <class>com.kms.katalon.core.main.TestCaseMain$startTestSuite$0</class>
      <method>call</method>
    </frame>
    <frame>
      <class>TempTestSuite1556517673214</class>
      <method>run</method>
      <line>35</line>
    </frame>
  </exception>
  <nestedLevel>0</nestedLevel>
</record>
<record>
  <date>2019-04-29T14:01:19</date>
  <millis>1556517679036</millis>
  <sequence>43</sequence>
  <level>END</level>
  <class>com.kms.katalon.core.logging.XmlKeywordLogger</class>
  <method>endKeyword</method>
  <thread>1</thread>
  <message>End action : sendRequest(findTestObject(\&amp;quot;createrdepart/cretdepartment\&amp;quot;, [\&amp;quot;url\&amp;quot;:wx_url, \&amp;quot;access_token\&amp;quot;:findTestData(\&amp;quot;testData/getapitoken\&amp;quot;).getValue(1, 1), \&amp;quot;dep\&amp;quot;:$depment]))</message>
  <nestedLevel>1</nestedLevel>
</record>
<record>
  <date>2019-04-29T14:01:19</date>
  <millis>1556517679037</millis>
  <sequence>45</sequence>
  <logger>com.kms.katalon.core.logging.XmlKeywordLogger</logger>
  <level>ERROR</level>
  <class>com.kms.katalon.core.logging.XmlKeywordLogger</class>
  <method>logMessage</method>
  <thread>1</thread>
  <message>Test Cases/New Folder/demo FAILED.\nReason:\njava.io.FileNotFoundException: /Users/dubl/katalonDemo/wxApitest/Data Files/gettoken/token.csv (No such file or directory)\n\tat com.kms.katalon.core.testdata.reader.CSVReader.&amp;lt;init&amp;gt;(CSVReader.java:23)\n\tat com.kms.katalon.core.testdata.CSVData.getReader(CSVData.java:23)\n\tat com.kms.katalon.core.testdata.CSVData.getColumnNames(CSVData.java:57)\n\tat com.kms.katalon.core.testdata.CSVData.getColumnNumbers(CSVData.java:82)\n\tat com.kms.katalon.core.testdata.AbstractTestData.verifyColumnIndex(AbstractTestData.java:55)\n\tat com.kms.katalon.core.testdata.AbstractTestData.getObjectValue(AbstractTestData.java:115)\n\tat com.kms.katalon.core.testdata.AbstractTestData.getValue(AbstractTestData.java:89)\n\tat com.kms.katalon.core.testdata.TestData$getValue.call(Unknown Source)\n\tat demo.run(demo:18)\n\tat com.kms.katalon.core.main.ScriptEngine.run(ScriptEngine.java:194)\n\tat com.kms.katalon.core.main.ScriptEngine.runScriptAsRawText(ScriptEngine.java:119)\n\tat com.kms.katalon.core.main.TestCaseExecutor.runScript(TestCaseExecutor.java:342)\n\tat com.kms.katalon.core.main.TestCaseExecutor.doExecute(TestCaseExecutor.java:333)\n\tat com.kms.katalon.core.main.TestCaseExecutor.processExecutionPhase(TestCaseExecutor.java:312)\n\tat com.kms.katalon.core.main.TestCaseExecutor.accessMainPhase(TestCaseExecutor.java:304)\n\tat com.kms.katalon.core.main.TestCaseExecutor.execute(TestCaseExecutor.java:238)\n\tat com.kms.katalon.core.main.TestSuiteExecutor.accessTestCaseMainPhase(TestSuiteExecutor.java:129)\n\tat com.kms.katalon.core.main.TestSuiteExecutor.accessTestSuiteMainPhase(TestSuiteExecutor.java:112)\n\tat com.kms.katalon.core.main.TestSuiteExecutor.execute(TestSuiteExecutor.java:81)\n\tat com.kms.katalon.core.main.TestCaseMain.startTestSuite(TestCaseMain.java:157)\n\tat com.kms.katalon.core.main.TestCaseMain$startTestSuite$0.call(Unknown Source)\n\tat TempTestSuite1556517673214.run(TempTestSuite1556517673214.groovy:35)\n</message>
  <exception>
    <message>java.io.FileNotFoundException: /Users/dubl/katalonDemo/wxApitest/Data Files/gettoken/token.csv (No such file or directory)</message>
    <frame>
      <class>com.kms.katalon.core.testdata.reader.CSVReader</class>
      <method>&lt;init&gt;</method>
      <line>23</line>
    </frame>
    <frame>
      <class>com.kms.katalon.core.testdata.CSVData</class>
      <method>getReader</method>
      <line>23</line>
    </frame>
    <frame>
      <class>com.kms.katalon.core.testdata.CSVData</class>
      <method>getColumnNames</method>
      <line>57</line>
    </frame>
    <frame>
      <class>com.kms.katalon.core.testdata.CSVData</class>
      <method>getColumnNumbers</method>
      <line>82</line>
    </frame>
    <frame>
      <class>com.kms.katalon.core.testdata.AbstractTestData</class>
      <method>verifyColumnIndex</method>
      <line>55</line>
    </frame>
    <frame>
      <class>com.kms.katalon.core.testdata.AbstractTestData</class>
      <method>getObjectValue</method>
      <line>115</line>
    </frame>
    <frame>
      <class>com.kms.katalon.core.testdata.AbstractTestData</class>
      <method>getValue</method>
      <line>89</line>
    </frame>
    <frame>
      <class>com.kms.katalon.core.testdata.TestData$getValue</class>
      <method>call</method>
    </frame>
    <frame>
      <class>demo</class>
      <method>run</method>
      <line>18</line>
    </frame>
    <frame>
      <class>com.kms.katalon.core.main.ScriptEngine</class>
      <method>run</method>
      <line>194</line>
    </frame>
    <frame>
      <class>com.kms.katalon.core.main.ScriptEngine</class>
      <method>runScriptAsRawText</method>
      <line>119</line>
    </frame>
    <frame>
      <class>com.kms.katalon.core.main.TestCaseExecutor</class>
      <method>runScript</method>
      <line>342</line>
    </frame>
    <frame>
      <class>com.kms.katalon.core.main.TestCaseExecutor</class>
      <method>doExecute</method>
      <line>333</line>
    </frame>
    <frame>
      <class>com.kms.katalon.core.main.TestCaseExecutor</class>
      <method>processExecutionPhase</method>
      <line>312</line>
    </frame>
    <frame>
      <class>com.kms.katalon.core.main.TestCaseExecutor</class>
      <method>accessMainPhase</method>
      <line>304</line>
    </frame>
    <frame>
      <class>com.kms.katalon.core.main.TestCaseExecutor</class>
      <method>execute</method>
      <line>238</line>
    </frame>
    <frame>
      <class>com.kms.katalon.core.main.TestSuiteExecutor</class>
      <method>accessTestCaseMainPhase</method>
      <line>129</line>
    </frame>
    <frame>
      <class>com.kms.katalon.core.main.TestSuiteExecutor</class>
      <method>accessTestSuiteMainPhase</method>
      <line>112</line>
    </frame>
    <frame>
      <class>com.kms.katalon.core.main.TestSuiteExecutor</class>
      <method>execute</method>
      <line>81</line>
    </frame>
    <frame>
      <class>com.kms.katalon.core.main.TestCaseMain</class>
      <method>startTestSuite</method>
      <line>157</line>
    </frame>
    <frame>
      <class>com.kms.katalon.core.main.TestCaseMain$startTestSuite$0</class>
      <method>call</method>
    </frame>
    <frame>
      <class>TempTestSuite1556517673214</class>
      <method>run</method>
      <line>35</line>
    </frame>
  </exception>
  <nestedLevel>0</nestedLevel>
</record>
<record>
  <date>2019-04-29T14:01:19</date>
  <millis>1556517679041</millis>
  <sequence>46</sequence>
  <level>END</level>
  <class>com.kms.katalon.core.logging.XmlKeywordLogger</class>
  <method>endTest</method>
  <thread>1</thread>
  <message>End Test Case : Test Cases/New Folder/demo</message>
  <nestedLevel>0</nestedLevel>
</record>
<record>
  <date>2019-04-29T14:01:19</date>
  <millis>1556517679044</millis>
  <sequence>47</sequence>
  <level>START</level>
  <class>com.kms.katalon.core.logging.XmlKeywordLogger</class>
  <method>startTest</method>
  <thread>1</thread>
  <message>Start Test Case : Test Cases/New Folder/demo</message>
  <nestedLevel>1</nestedLevel>
  <property name="name">Test Cases/New Folder/demo</property>
  <property name="description"></property>
  <property name="id">Test Cases/New Folder/demo</property>
  <property name="source">\\Users\\dubl\\katalonDemo\\wxApitest\\Test Cases\\New Folder\\demo.tc</property>
  <property name="isOptional">false</property>
</record>
<record>
  <date>2019-04-29T14:01:19</date>
  <millis>1556517679050</millis>
  <sequence>49</sequence>
  <level>INFO</level>
  <class>com.kms.katalon.core.logging.XmlKeywordLogger</class>
  <method>logMessage</method>
  <thread>1</thread>
  <message>depment = \u4E0A\u6D7711</message>
  <nestedLevel>1</nestedLevel>
</record>
<record>
  <date>2019-04-29T14:01:19</date>
  <millis>1556517679051</millis>
  <sequence>50</sequence>
  <level>START</level>
  <class>com.kms.katalon.core.logging.XmlKeywordLogger</class>
  <method>startKeyword</method>
  <thread>1</thread>
  <message>Start action : sendRequest(findTestObject(\&amp;quot;getToken/getApiToken\&amp;quot;, [\&amp;quot;url\&amp;quot;:wx_url]))</message>
  <nestedLevel>1</nestedLevel>
  <property name="startLine">16</property>
  <property name="stepIndex">1</property>
</record>
<record>
  <date>2019-04-29T14:01:19</date>
  <millis>1556517679443</millis>
  <sequence>54</sequence>
  <level>INFO</level>
  <class>com.kms.katalon.core.logging.XmlKeywordLogger</class>
  <method>logMessage</method>
  <thread>1</thread>
  <message>HAR: /Users/dubl/katalonDemo/wxApitest/Reports/createparamter/creparatTestSuite/20190429_140113/requests/main/2.har</message>
  <nestedLevel>1</nestedLevel>
  <property name="harId">d3cb4717-52df-4a34-a094-1df355edaa27</property>
</record>
<record>
  <date>2019-04-29T14:01:19</date>
  <millis>1556517679445</millis>
  <sequence>55</sequence>
  <level>PASSED</level>
  <class>com.kms.katalon.core.logging.XmlKeywordLogger</class>
  <method>logMessage</method>
  <thread>1</thread>
  <message>Send request successfully</message>
  <nestedLevel>1</nestedLevel>
</record>
<record>
  <date>2019-04-29T14:01:19</date>
  <millis>1556517679446</millis>
  <sequence>56</sequence>
  <level>END</level>
  <class>com.kms.katalon.core.logging.XmlKeywordLogger</class>
  <method>endKeyword</method>
  <thread>1</thread>
  <message>End action : sendRequest(findTestObject(\&amp;quot;getToken/getApiToken\&amp;quot;, [\&amp;quot;url\&amp;quot;:wx_url]))</message>
  <nestedLevel>1</nestedLevel>
</record>
<record>
  <date>2019-04-29T14:01:19</date>
  <millis>1556517679446</millis>
  <sequence>57</sequence>
  <level>START</level>
  <class>com.kms.katalon.core.logging.XmlKeywordLogger</class>
  <method>startKeyword</method>
  <thread>1</thread>
  <message>Start action : sendRequest(findTestObject(\&amp;quot;createrdepart/cretdepartment\&amp;quot;, [\&amp;quot;url\&amp;quot;:wx_url, \&amp;quot;access_token\&amp;quot;:findTestData(\&amp;quot;testData/getapitoken\&amp;quot;).getValue(1, 1), \&amp;quot;dep\&amp;quot;:$depment]))</message>
  <nestedLevel>1</nestedLevel>
  <property name="startLine">18</property>
  <property name="stepIndex">2</property>
</record>
<record>
  <date>2019-04-29T14:01:19</date>
  <millis>1556517679450</millis>
  <sequence>63</sequence>
  <logger>com.kms.katalon.core.logging.XmlKeywordLogger</logger>
  <level>ERROR</level>
  <class>com.kms.katalon.core.logging.XmlKeywordLogger</class>
  <method>logMessage</method>
  <thread>1</thread>
  <message>sendRequest(findTestObject(\&amp;quot;createrdepart/cretdepartment\&amp;quot;, [\&amp;quot;url\&amp;quot;:wx_url, \&amp;quot;access_token\&amp;quot;:findTestData(\&amp;quot;testData/getapitoken\&amp;quot;).getValue(1, 1), \&amp;quot;dep\&amp;quot;:$depment])) FAILED.\nReason:\njava.io.FileNotFoundException: /Users/dubl/katalonDemo/wxApitest/Data Files/gettoken/token.csv (No such file or directory)\n\tat com.kms.katalon.core.testdata.reader.CSVReader.&amp;lt;init&amp;gt;(CSVReader.java:23)\n\tat com.kms.katalon.core.testdata.CSVData.getReader(CSVData.java:23)\n\tat com.kms.katalon.core.testdata.CSVData.getColumnNames(CSVData.java:57)\n\tat com.kms.katalon.core.testdata.CSVData.getColumnNumbers(CSVData.java:82)\n\tat com.kms.katalon.core.testdata.AbstractTestData.verifyColumnIndex(AbstractTestData.java:55)\n\tat com.kms.katalon.core.testdata.AbstractTestData.getObjectValue(AbstractTestData.java:115)\n\tat com.kms.katalon.core.testdata.AbstractTestData.getValue(AbstractTestData.java:89)\n\tat com.kms.katalon.core.testdata.TestData$getValue.call(Unknown Source)\n\tat demo.run(demo:18)\n\tat com.kms.katalon.core.main.ScriptEngine.run(ScriptEngine.java:194)\n\tat com.kms.katalon.core.main.ScriptEngine.runScriptAsRawText(ScriptEngine.java:119)\n\tat com.kms.katalon.core.main.TestCaseExecutor.runScript(TestCaseExecutor.java:342)\n\tat com.kms.katalon.core.main.TestCaseExecutor.doExecute(TestCaseExecutor.java:333)\n\tat com.kms.katalon.core.main.TestCaseExecutor.processExecutionPhase(TestCaseExecutor.java:312)\n\tat com.kms.katalon.core.main.TestCaseExecutor.accessMainPhase(TestCaseExecutor.java:304)\n\tat com.kms.katalon.core.main.TestCaseExecutor.execute(TestCaseExecutor.java:238)\n\tat com.kms.katalon.core.main.TestSuiteExecutor.accessTestCaseMainPhase(TestSuiteExecutor.java:129)\n\tat com.kms.katalon.core.main.TestSuiteExecutor.accessTestSuiteMainPhase(TestSuiteExecutor.java:112)\n\tat com.kms.katalon.core.main.TestSuiteExecutor.execute(TestSuiteExecutor.java:81)\n\tat com.kms.katalon.core.main.TestCaseMain.startTestSuite(TestCaseMain.java:157)\n\tat com.kms.katalon.core.main.TestCaseMain$startTestSuite$0.call(Unknown Source)\n\tat TempTestSuite1556517673214.run(TempTestSuite1556517673214.groovy:35)\n</message>
  <exception>
    <message>java.io.FileNotFoundException: /Users/dubl/katalonDemo/wxApitest/Data Files/gettoken/token.csv (No such file or directory)</message>
    <frame>
      <class>com.kms.katalon.core.testdata.reader.CSVReader</class>
      <method>&lt;init&gt;</method>
      <line>23</line>
    </frame>
    <frame>
      <class>com.kms.katalon.core.testdata.CSVData</class>
      <method>getReader</method>
      <line>23</line>
    </frame>
    <frame>
      <class>com.kms.katalon.core.testdata.CSVData</class>
      <method>getColumnNames</method>
      <line>57</line>
    </frame>
    <frame>
      <class>com.kms.katalon.core.testdata.CSVData</class>
      <method>getColumnNumbers</method>
      <line>82</line>
    </frame>
    <frame>
      <class>com.kms.katalon.core.testdata.AbstractTestData</class>
      <method>verifyColumnIndex</method>
      <line>55</line>
    </frame>
    <frame>
      <class>com.kms.katalon.core.testdata.AbstractTestData</class>
      <method>getObjectValue</method>
      <line>115</line>
    </frame>
    <frame>
      <class>com.kms.katalon.core.testdata.AbstractTestData</class>
      <method>getValue</method>
      <line>89</line>
    </frame>
    <frame>
      <class>com.kms.katalon.core.testdata.TestData$getValue</class>
      <method>call</method>
    </frame>
    <frame>
      <class>demo</class>
      <method>run</method>
      <line>18</line>
    </frame>
    <frame>
      <class>com.kms.katalon.core.main.ScriptEngine</class>
      <method>run</method>
      <line>194</line>
    </frame>
    <frame>
      <class>com.kms.katalon.core.main.ScriptEngine</class>
      <method>runScriptAsRawText</method>
      <line>119</line>
    </frame>
    <frame>
      <class>com.kms.katalon.core.main.TestCaseExecutor</class>
      <method>runScript</method>
      <line>342</line>
    </frame>
    <frame>
      <class>com.kms.katalon.core.main.TestCaseExecutor</class>
      <method>doExecute</method>
      <line>333</line>
    </frame>
    <frame>
      <class>com.kms.katalon.core.main.TestCaseExecutor</class>
      <method>processExecutionPhase</method>
      <line>312</line>
    </frame>
    <frame>
      <class>com.kms.katalon.core.main.TestCaseExecutor</class>
      <method>accessMainPhase</method>
      <line>304</line>
    </frame>
    <frame>
      <class>com.kms.katalon.core.main.TestCaseExecutor</class>
      <method>execute</method>
      <line>238</line>
    </frame>
    <frame>
      <class>com.kms.katalon.core.main.TestSuiteExecutor</class>
      <method>accessTestCaseMainPhase</method>
      <line>129</line>
    </frame>
    <frame>
      <class>com.kms.katalon.core.main.TestSuiteExecutor</class>
      <method>accessTestSuiteMainPhase</method>
      <line>112</line>
    </frame>
    <frame>
      <class>com.kms.katalon.core.main.TestSuiteExecutor</class>
      <method>execute</method>
      <line>81</line>
    </frame>
    <frame>
      <class>com.kms.katalon.core.main.TestCaseMain</class>
      <method>startTestSuite</method>
      <line>157</line>
    </frame>
    <frame>
      <class>com.kms.katalon.core.main.TestCaseMain$startTestSuite$0</class>
      <method>call</method>
    </frame>
    <frame>
      <class>TempTestSuite1556517673214</class>
      <method>run</method>
      <line>35</line>
    </frame>
  </exception>
  <nestedLevel>0</nestedLevel>
</record>
<record>
  <date>2019-04-29T14:01:19</date>
  <millis>1556517679451</millis>
  <sequence>64</sequence>
  <level>END</level>
  <class>com.kms.katalon.core.logging.XmlKeywordLogger</class>
  <method>endKeyword</method>
  <thread>1</thread>
  <message>End action : sendRequest(findTestObject(\&amp;quot;createrdepart/cretdepartment\&amp;quot;, [\&amp;quot;url\&amp;quot;:wx_url, \&amp;quot;access_token\&amp;quot;:findTestData(\&amp;quot;testData/getapitoken\&amp;quot;).getValue(1, 1), \&amp;quot;dep\&amp;quot;:$depment]))</message>
  <nestedLevel>1</nestedLevel>
</record>
<record>
  <date>2019-04-29T14:01:19</date>
  <millis>1556517679452</millis>
  <sequence>66</sequence>
  <logger>com.kms.katalon.core.logging.XmlKeywordLogger</logger>
  <level>ERROR</level>
  <class>com.kms.katalon.core.logging.XmlKeywordLogger</class>
  <method>logMessage</method>
  <thread>1</thread>
  <message>Test Cases/New Folder/demo FAILED.\nReason:\njava.io.FileNotFoundException: /Users/dubl/katalonDemo/wxApitest/Data Files/gettoken/token.csv (No such file or directory)\n\tat com.kms.katalon.core.testdata.reader.CSVReader.&amp;lt;init&amp;gt;(CSVReader.java:23)\n\tat com.kms.katalon.core.testdata.CSVData.getReader(CSVData.java:23)\n\tat com.kms.katalon.core.testdata.CSVData.getColumnNames(CSVData.java:57)\n\tat com.kms.katalon.core.testdata.CSVData.getColumnNumbers(CSVData.java:82)\n\tat com.kms.katalon.core.testdata.AbstractTestData.verifyColumnIndex(AbstractTestData.java:55)\n\tat com.kms.katalon.core.testdata.AbstractTestData.getObjectValue(AbstractTestData.java:115)\n\tat com.kms.katalon.core.testdata.AbstractTestData.getValue(AbstractTestData.java:89)\n\tat com.kms.katalon.core.testdata.TestData$getValue.call(Unknown Source)\n\tat demo.run(demo:18)\n\tat com.kms.katalon.core.main.ScriptEngine.run(ScriptEngine.java:194)\n\tat com.kms.katalon.core.main.ScriptEngine.runScriptAsRawText(ScriptEngine.java:119)\n\tat com.kms.katalon.core.main.TestCaseExecutor.runScript(TestCaseExecutor.java:342)\n\tat com.kms.katalon.core.main.TestCaseExecutor.doExecute(TestCaseExecutor.java:333)\n\tat com.kms.katalon.core.main.TestCaseExecutor.processExecutionPhase(TestCaseExecutor.java:312)\n\tat com.kms.katalon.core.main.TestCaseExecutor.accessMainPhase(TestCaseExecutor.java:304)\n\tat com.kms.katalon.core.main.TestCaseExecutor.execute(TestCaseExecutor.java:238)\n\tat com.kms.katalon.core.main.TestSuiteExecutor.accessTestCaseMainPhase(TestSuiteExecutor.java:129)\n\tat com.kms.katalon.core.main.TestSuiteExecutor.accessTestSuiteMainPhase(TestSuiteExecutor.java:112)\n\tat com.kms.katalon.core.main.TestSuiteExecutor.execute(TestSuiteExecutor.java:81)\n\tat com.kms.katalon.core.main.TestCaseMain.startTestSuite(TestCaseMain.java:157)\n\tat com.kms.katalon.core.main.TestCaseMain$startTestSuite$0.call(Unknown Source)\n\tat TempTestSuite1556517673214.run(TempTestSuite1556517673214.groovy:35)\n</message>
  <exception>
    <message>java.io.FileNotFoundException: /Users/dubl/katalonDemo/wxApitest/Data Files/gettoken/token.csv (No such file or directory)</message>
    <frame>
      <class>com.kms.katalon.core.testdata.reader.CSVReader</class>
      <method>&lt;init&gt;</method>
      <line>23</line>
    </frame>
    <frame>
      <class>com.kms.katalon.core.testdata.CSVData</class>
      <method>getReader</method>
      <line>23</line>
    </frame>
    <frame>
      <class>com.kms.katalon.core.testdata.CSVData</class>
      <method>getColumnNames</method>
      <line>57</line>
    </frame>
    <frame>
      <class>com.kms.katalon.core.testdata.CSVData</class>
      <method>getColumnNumbers</method>
      <line>82</line>
    </frame>
    <frame>
      <class>com.kms.katalon.core.testdata.AbstractTestData</class>
      <method>verifyColumnIndex</method>
      <line>55</line>
    </frame>
    <frame>
      <class>com.kms.katalon.core.testdata.AbstractTestData</class>
      <method>getObjectValue</method>
      <line>115</line>
    </frame>
    <frame>
      <class>com.kms.katalon.core.testdata.AbstractTestData</class>
      <method>getValue</method>
      <line>89</line>
    </frame>
    <frame>
      <class>com.kms.katalon.core.testdata.TestData$getValue</class>
      <method>call</method>
    </frame>
    <frame>
      <class>demo</class>
      <method>run</method>
      <line>18</line>
    </frame>
    <frame>
      <class>com.kms.katalon.core.main.ScriptEngine</class>
      <method>run</method>
      <line>194</line>
    </frame>
    <frame>
      <class>com.kms.katalon.core.main.ScriptEngine</class>
      <method>runScriptAsRawText</method>
      <line>119</line>
    </frame>
    <frame>
      <class>com.kms.katalon.core.main.TestCaseExecutor</class>
      <method>runScript</method>
      <line>342</line>
    </frame>
    <frame>
      <class>com.kms.katalon.core.main.TestCaseExecutor</class>
      <method>doExecute</method>
      <line>333</line>
    </frame>
    <frame>
      <class>com.kms.katalon.core.main.TestCaseExecutor</class>
      <method>processExecutionPhase</method>
      <line>312</line>
    </frame>
    <frame>
      <class>com.kms.katalon.core.main.TestCaseExecutor</class>
      <method>accessMainPhase</method>
      <line>304</line>
    </frame>
    <frame>
      <class>com.kms.katalon.core.main.TestCaseExecutor</class>
      <method>execute</method>
      <line>238</line>
    </frame>
    <frame>
      <class>com.kms.katalon.core.main.TestSuiteExecutor</class>
      <method>accessTestCaseMainPhase</method>
      <line>129</line>
    </frame>
    <frame>
      <class>com.kms.katalon.core.main.TestSuiteExecutor</class>
      <method>accessTestSuiteMainPhase</method>
      <line>112</line>
    </frame>
    <frame>
      <class>com.kms.katalon.core.main.TestSuiteExecutor</class>
      <method>execute</method>
      <line>81</line>
    </frame>
    <frame>
      <class>com.kms.katalon.core.main.TestCaseMain</class>
      <method>startTestSuite</method>
      <line>157</line>
    </frame>
    <frame>
      <class>com.kms.katalon.core.main.TestCaseMain$startTestSuite$0</class>
      <method>call</method>
    </frame>
    <frame>
      <class>TempTestSuite1556517673214</class>
      <method>run</method>
      <line>35</line>
    </frame>
  </exception>
  <nestedLevel>0</nestedLevel>
</record>
<record>
  <date>2019-04-29T14:01:19</date>
  <millis>1556517679453</millis>
  <sequence>67</sequence>
  <level>END</level>
  <class>com.kms.katalon.core.logging.XmlKeywordLogger</class>
  <method>endTest</method>
  <thread>1</thread>
  <message>End Test Case : Test Cases/New Folder/demo</message>
  <nestedLevel>0</nestedLevel>
</record>
<record>
  <date>2019-04-29T14:01:19</date>
  <millis>1556517679455</millis>
  <sequence>68</sequence>
  <level>START</level>
  <class>com.kms.katalon.core.logging.XmlKeywordLogger</class>
  <method>startTest</method>
  <thread>1</thread>
  <message>Start Test Case : Test Cases/New Folder/demo</message>
  <nestedLevel>1</nestedLevel>
  <property name="name">Test Cases/New Folder/demo</property>
  <property name="description"></property>
  <property name="id">Test Cases/New Folder/demo</property>
  <property name="source">\\Users\\dubl\\katalonDemo\\wxApitest\\Test Cases\\New Folder\\demo.tc</property>
  <property name="isOptional">false</property>
</record>
<record>
  <date>2019-04-29T14:01:19</date>
  <millis>1556517679462</millis>
  <sequence>70</sequence>
  <level>INFO</level>
  <class>com.kms.katalon.core.logging.XmlKeywordLogger</class>
  <method>logMessage</method>
  <thread>1</thread>
  <message>depment = \u5317\u4EAC11</message>
  <nestedLevel>1</nestedLevel>
</record>
<record>
  <date>2019-04-29T14:01:19</date>
  <millis>1556517679463</millis>
  <sequence>71</sequence>
  <level>START</level>
  <class>com.kms.katalon.core.logging.XmlKeywordLogger</class>
  <method>startKeyword</method>
  <thread>1</thread>
  <message>Start action : sendRequest(findTestObject(\&amp;quot;getToken/getApiToken\&amp;quot;, [\&amp;quot;url\&amp;quot;:wx_url]))</message>
  <nestedLevel>1</nestedLevel>
  <property name="startLine">16</property>
  <property name="stepIndex">1</property>
</record>
<record>
  <date>2019-04-29T14:01:19</date>
  <millis>1556517679758</millis>
  <sequence>75</sequence>
  <level>INFO</level>
  <class>com.kms.katalon.core.logging.XmlKeywordLogger</class>
  <method>logMessage</method>
  <thread>1</thread>
  <message>HAR: /Users/dubl/katalonDemo/wxApitest/Reports/createparamter/creparatTestSuite/20190429_140113/requests/main/3.har</message>
  <nestedLevel>1</nestedLevel>
  <property name="harId">960b8682-a666-4a53-8c31-b18d81b2c290</property>
</record>
<record>
  <date>2019-04-29T14:01:19</date>
  <millis>1556517679760</millis>
  <sequence>76</sequence>
  <level>PASSED</level>
  <class>com.kms.katalon.core.logging.XmlKeywordLogger</class>
  <method>logMessage</method>
  <thread>1</thread>
  <message>Send request successfully</message>
  <nestedLevel>1</nestedLevel>
</record>
<record>
  <date>2019-04-29T14:01:19</date>
  <millis>1556517679760</millis>
  <sequence>77</sequence>
  <level>END</level>
  <class>com.kms.katalon.core.logging.XmlKeywordLogger</class>
  <method>endKeyword</method>
  <thread>1</thread>
  <message>End action : sendRequest(findTestObject(\&amp;quot;getToken/getApiToken\&amp;quot;, [\&amp;quot;url\&amp;quot;:wx_url]))</message>
  <nestedLevel>1</nestedLevel>
</record>
<record>
  <date>2019-04-29T14:01:19</date>
  <millis>1556517679761</millis>
  <sequence>78</sequence>
  <level>START</level>
  <class>com.kms.katalon.core.logging.XmlKeywordLogger</class>
  <method>startKeyword</method>
  <thread>1</thread>
  <message>Start action : sendRequest(findTestObject(\&amp;quot;createrdepart/cretdepartment\&amp;quot;, [\&amp;quot;url\&amp;quot;:wx_url, \&amp;quot;access_token\&amp;quot;:findTestData(\&amp;quot;testData/getapitoken\&amp;quot;).getValue(1, 1), \&amp;quot;dep\&amp;quot;:$depment]))</message>
  <nestedLevel>1</nestedLevel>
  <property name="startLine">18</property>
  <property name="stepIndex">2</property>
</record>
<record>
  <date>2019-04-29T14:01:19</date>
  <millis>1556517679764</millis>
  <sequence>84</sequence>
  <logger>com.kms.katalon.core.logging.XmlKeywordLogger</logger>
  <level>ERROR</level>
  <class>com.kms.katalon.core.logging.XmlKeywordLogger</class>
  <method>logMessage</method>
  <thread>1</thread>
  <message>sendRequest(findTestObject(\&amp;quot;createrdepart/cretdepartment\&amp;quot;, [\&amp;quot;url\&amp;quot;:wx_url, \&amp;quot;access_token\&amp;quot;:findTestData(\&amp;quot;testData/getapitoken\&amp;quot;).getValue(1, 1), \&amp;quot;dep\&amp;quot;:$depment])) FAILED.\nReason:\njava.io.FileNotFoundException: /Users/dubl/katalonDemo/wxApitest/Data Files/gettoken/token.csv (No such file or directory)\n\tat com.kms.katalon.core.testdata.reader.CSVReader.&amp;lt;init&amp;gt;(CSVReader.java:23)\n\tat com.kms.katalon.core.testdata.CSVData.getReader(CSVData.java:23)\n\tat com.kms.katalon.core.testdata.CSVData.getColumnNames(CSVData.java:57)\n\tat com.kms.katalon.core.testdata.CSVData.getColumnNumbers(CSVData.java:82)\n\tat com.kms.katalon.core.testdata.AbstractTestData.verifyColumnIndex(AbstractTestData.java:55)\n\tat com.kms.katalon.core.testdata.AbstractTestData.getObjectValue(AbstractTestData.java:115)\n\tat com.kms.katalon.core.testdata.AbstractTestData.getValue(AbstractTestData.java:89)\n\tat com.kms.katalon.core.testdata.TestData$getValue.call(Unknown Source)\n\tat demo.run(demo:18)\n\tat com.kms.katalon.core.main.ScriptEngine.run(ScriptEngine.java:194)\n\tat com.kms.katalon.core.main.ScriptEngine.runScriptAsRawText(ScriptEngine.java:119)\n\tat com.kms.katalon.core.main.TestCaseExecutor.runScript(TestCaseExecutor.java:342)\n\tat com.kms.katalon.core.main.TestCaseExecutor.doExecute(TestCaseExecutor.java:333)\n\tat com.kms.katalon.core.main.TestCaseExecutor.processExecutionPhase(TestCaseExecutor.java:312)\n\tat com.kms.katalon.core.main.TestCaseExecutor.accessMainPhase(TestCaseExecutor.java:304)\n\tat com.kms.katalon.core.main.TestCaseExecutor.execute(TestCaseExecutor.java:238)\n\tat com.kms.katalon.core.main.TestSuiteExecutor.accessTestCaseMainPhase(TestSuiteExecutor.java:129)\n\tat com.kms.katalon.core.main.TestSuiteExecutor.accessTestSuiteMainPhase(TestSuiteExecutor.java:112)\n\tat com.kms.katalon.core.main.TestSuiteExecutor.execute(TestSuiteExecutor.java:81)\n\tat com.kms.katalon.core.main.TestCaseMain.startTestSuite(TestCaseMain.java:157)\n\tat com.kms.katalon.core.main.TestCaseMain$startTestSuite$0.call(Unknown Source)\n\tat TempTestSuite1556517673214.run(TempTestSuite1556517673214.groovy:35)\n</message>
  <exception>
    <message>java.io.FileNotFoundException: /Users/dubl/katalonDemo/wxApitest/Data Files/gettoken/token.csv (No such file or directory)</message>
    <frame>
      <class>com.kms.katalon.core.testdata.reader.CSVReader</class>
      <method>&lt;init&gt;</method>
      <line>23</line>
    </frame>
    <frame>
      <class>com.kms.katalon.core.testdata.CSVData</class>
      <method>getReader</method>
      <line>23</line>
    </frame>
    <frame>
      <class>com.kms.katalon.core.testdata.CSVData</class>
      <method>getColumnNames</method>
      <line>57</line>
    </frame>
    <frame>
      <class>com.kms.katalon.core.testdata.CSVData</class>
      <method>getColumnNumbers</method>
      <line>82</line>
    </frame>
    <frame>
      <class>com.kms.katalon.core.testdata.AbstractTestData</class>
      <method>verifyColumnIndex</method>
      <line>55</line>
    </frame>
    <frame>
      <class>com.kms.katalon.core.testdata.AbstractTestData</class>
      <method>getObjectValue</method>
      <line>115</line>
    </frame>
    <frame>
      <class>com.kms.katalon.core.testdata.AbstractTestData</class>
      <method>getValue</method>
      <line>89</line>
    </frame>
    <frame>
      <class>com.kms.katalon.core.testdata.TestData$getValue</class>
      <method>call</method>
    </frame>
    <frame>
      <class>demo</class>
      <method>run</method>
      <line>18</line>
    </frame>
    <frame>
      <class>com.kms.katalon.core.main.ScriptEngine</class>
      <method>run</method>
      <line>194</line>
    </frame>
    <frame>
      <class>com.kms.katalon.core.main.ScriptEngine</class>
      <method>runScriptAsRawText</method>
      <line>119</line>
    </frame>
    <frame>
      <class>com.kms.katalon.core.main.TestCaseExecutor</class>
      <method>runScript</method>
      <line>342</line>
    </frame>
    <frame>
      <class>com.kms.katalon.core.main.TestCaseExecutor</class>
      <method>doExecute</method>
      <line>333</line>
    </frame>
    <frame>
      <class>com.kms.katalon.core.main.TestCaseExecutor</class>
      <method>processExecutionPhase</method>
      <line>312</line>
    </frame>
    <frame>
      <class>com.kms.katalon.core.main.TestCaseExecutor</class>
      <method>accessMainPhase</method>
      <line>304</line>
    </frame>
    <frame>
      <class>com.kms.katalon.core.main.TestCaseExecutor</class>
      <method>execute</method>
      <line>238</line>
    </frame>
    <frame>
      <class>com.kms.katalon.core.main.TestSuiteExecutor</class>
      <method>accessTestCaseMainPhase</method>
      <line>129</line>
    </frame>
    <frame>
      <class>com.kms.katalon.core.main.TestSuiteExecutor</class>
      <method>accessTestSuiteMainPhase</method>
      <line>112</line>
    </frame>
    <frame>
      <class>com.kms.katalon.core.main.TestSuiteExecutor</class>
      <method>execute</method>
      <line>81</line>
    </frame>
    <frame>
      <class>com.kms.katalon.core.main.TestCaseMain</class>
      <method>startTestSuite</method>
      <line>157</line>
    </frame>
    <frame>
      <class>com.kms.katalon.core.main.TestCaseMain$startTestSuite$0</class>
      <method>call</method>
    </frame>
    <frame>
      <class>TempTestSuite1556517673214</class>
      <method>run</method>
      <line>35</line>
    </frame>
  </exception>
  <nestedLevel>0</nestedLevel>
</record>
<record>
  <date>2019-04-29T14:01:19</date>
  <millis>1556517679765</millis>
  <sequence>85</sequence>
  <level>END</level>
  <class>com.kms.katalon.core.logging.XmlKeywordLogger</class>
  <method>endKeyword</method>
  <thread>1</thread>
  <message>End action : sendRequest(findTestObject(\&amp;quot;createrdepart/cretdepartment\&amp;quot;, [\&amp;quot;url\&amp;quot;:wx_url, \&amp;quot;access_token\&amp;quot;:findTestData(\&amp;quot;testData/getapitoken\&amp;quot;).getValue(1, 1), \&amp;quot;dep\&amp;quot;:$depment]))</message>
  <nestedLevel>1</nestedLevel>
</record>
<record>
  <date>2019-04-29T14:01:19</date>
  <millis>1556517679766</millis>
  <sequence>87</sequence>
  <logger>com.kms.katalon.core.logging.XmlKeywordLogger</logger>
  <level>ERROR</level>
  <class>com.kms.katalon.core.logging.XmlKeywordLogger</class>
  <method>logMessage</method>
  <thread>1</thread>
  <message>Test Cases/New Folder/demo FAILED.\nReason:\njava.io.FileNotFoundException: /Users/dubl/katalonDemo/wxApitest/Data Files/gettoken/token.csv (No such file or directory)\n\tat com.kms.katalon.core.testdata.reader.CSVReader.&amp;lt;init&amp;gt;(CSVReader.java:23)\n\tat com.kms.katalon.core.testdata.CSVData.getReader(CSVData.java:23)\n\tat com.kms.katalon.core.testdata.CSVData.getColumnNames(CSVData.java:57)\n\tat com.kms.katalon.core.testdata.CSVData.getColumnNumbers(CSVData.java:82)\n\tat com.kms.katalon.core.testdata.AbstractTestData.verifyColumnIndex(AbstractTestData.java:55)\n\tat com.kms.katalon.core.testdata.AbstractTestData.getObjectValue(AbstractTestData.java:115)\n\tat com.kms.katalon.core.testdata.AbstractTestData.getValue(AbstractTestData.java:89)\n\tat com.kms.katalon.core.testdata.TestData$getValue.call(Unknown Source)\n\tat demo.run(demo:18)\n\tat com.kms.katalon.core.main.ScriptEngine.run(ScriptEngine.java:194)\n\tat com.kms.katalon.core.main.ScriptEngine.runScriptAsRawText(ScriptEngine.java:119)\n\tat com.kms.katalon.core.main.TestCaseExecutor.runScript(TestCaseExecutor.java:342)\n\tat com.kms.katalon.core.main.TestCaseExecutor.doExecute(TestCaseExecutor.java:333)\n\tat com.kms.katalon.core.main.TestCaseExecutor.processExecutionPhase(TestCaseExecutor.java:312)\n\tat com.kms.katalon.core.main.TestCaseExecutor.accessMainPhase(TestCaseExecutor.java:304)\n\tat com.kms.katalon.core.main.TestCaseExecutor.execute(TestCaseExecutor.java:238)\n\tat com.kms.katalon.core.main.TestSuiteExecutor.accessTestCaseMainPhase(TestSuiteExecutor.java:129)\n\tat com.kms.katalon.core.main.TestSuiteExecutor.accessTestSuiteMainPhase(TestSuiteExecutor.java:112)\n\tat com.kms.katalon.core.main.TestSuiteExecutor.execute(TestSuiteExecutor.java:81)\n\tat com.kms.katalon.core.main.TestCaseMain.startTestSuite(TestCaseMain.java:157)\n\tat com.kms.katalon.core.main.TestCaseMain$startTestSuite$0.call(Unknown Source)\n\tat TempTestSuite1556517673214.run(TempTestSuite1556517673214.groovy:35)\n</message>
  <exception>
    <message>java.io.FileNotFoundException: /Users/dubl/katalonDemo/wxApitest/Data Files/gettoken/token.csv (No such file or directory)</message>
    <frame>
      <class>com.kms.katalon.core.testdata.reader.CSVReader</class>
      <method>&lt;init&gt;</method>
      <line>23</line>
    </frame>
    <frame>
      <class>com.kms.katalon.core.testdata.CSVData</class>
      <method>getReader</method>
      <line>23</line>
    </frame>
    <frame>
      <class>com.kms.katalon.core.testdata.CSVData</class>
      <method>getColumnNames</method>
      <line>57</line>
    </frame>
    <frame>
      <class>com.kms.katalon.core.testdata.CSVData</class>
      <method>getColumnNumbers</method>
      <line>82</line>
    </frame>
    <frame>
      <class>com.kms.katalon.core.testdata.AbstractTestData</class>
      <method>verifyColumnIndex</method>
      <line>55</line>
    </frame>
    <frame>
      <class>com.kms.katalon.core.testdata.AbstractTestData</class>
      <method>getObjectValue</method>
      <line>115</line>
    </frame>
    <frame>
      <class>com.kms.katalon.core.testdata.AbstractTestData</class>
      <method>getValue</method>
      <line>89</line>
    </frame>
    <frame>
      <class>com.kms.katalon.core.testdata.TestData$getValue</class>
      <method>call</method>
    </frame>
    <frame>
      <class>demo</class>
      <method>run</method>
      <line>18</line>
    </frame>
    <frame>
      <class>com.kms.katalon.core.main.ScriptEngine</class>
      <method>run</method>
      <line>194</line>
    </frame>
    <frame>
      <class>com.kms.katalon.core.main.ScriptEngine</class>
      <method>runScriptAsRawText</method>
      <line>119</line>
    </frame>
    <frame>
      <class>com.kms.katalon.core.main.TestCaseExecutor</class>
      <method>runScript</method>
      <line>342</line>
    </frame>
    <frame>
      <class>com.kms.katalon.core.main.TestCaseExecutor</class>
      <method>doExecute</method>
      <line>333</line>
    </frame>
    <frame>
      <class>com.kms.katalon.core.main.TestCaseExecutor</class>
      <method>processExecutionPhase</method>
      <line>312</line>
    </frame>
    <frame>
      <class>com.kms.katalon.core.main.TestCaseExecutor</class>
      <method>accessMainPhase</method>
      <line>304</line>
    </frame>
    <frame>
      <class>com.kms.katalon.core.main.TestCaseExecutor</class>
      <method>execute</method>
      <line>238</line>
    </frame>
    <frame>
      <class>com.kms.katalon.core.main.TestSuiteExecutor</class>
      <method>accessTestCaseMainPhase</method>
      <line>129</line>
    </frame>
    <frame>
      <class>com.kms.katalon.core.main.TestSuiteExecutor</class>
      <method>accessTestSuiteMainPhase</method>
      <line>112</line>
    </frame>
    <frame>
      <class>com.kms.katalon.core.main.TestSuiteExecutor</class>
      <method>execute</method>
      <line>81</line>
    </frame>
    <frame>
      <class>com.kms.katalon.core.main.TestCaseMain</class>
      <method>startTestSuite</method>
      <line>157</line>
    </frame>
    <frame>
      <class>com.kms.katalon.core.main.TestCaseMain$startTestSuite$0</class>
      <method>call</method>
    </frame>
    <frame>
      <class>TempTestSuite1556517673214</class>
      <method>run</method>
      <line>35</line>
    </frame>
  </exception>
  <nestedLevel>0</nestedLevel>
</record>
<record>
  <date>2019-04-29T14:01:19</date>
  <millis>1556517679767</millis>
  <sequence>88</sequence>
  <level>END</level>
  <class>com.kms.katalon.core.logging.XmlKeywordLogger</class>
  <method>endTest</method>
  <thread>1</thread>
  <message>End Test Case : Test Cases/New Folder/demo</message>
  <nestedLevel>0</nestedLevel>
</record>
<record>
  <date>2019-04-29T14:01:19</date>
  <millis>1556517679900</millis>
  <sequence>89</sequence>
  <level>END</level>
  <class>com.kms.katalon.core.logging.XmlKeywordLogger</class>
  <method>endSuite</method>
  <thread>1</thread>
  <message>End Test Suite : Test Suites/createparamter/creparatTestSuite</message>
  <nestedLevel>0</nestedLevel>
</record>
</log>
